2020-12-09 01:03:46.596  WARN 25872 --- [HikariPool-1 housekeeper] com.zaxxer.hikari.pool.HikariPool        : HikariPool-1 - Thread starvation or clock leap detected (housekeeper delta=36m2s582ms).
2020-12-09 01:42:10.602  WARN 25872 --- [HikariPool-1 housekeeper] com.zaxxer.hikari.pool.HikariPool        : HikariPool-1 - Thread starvation or clock leap detected (housekeeper delta=37m22s740ms).
2020-12-09 02:18:42.180  WARN 25872 --- [HikariPool-1 housekeeper] com.zaxxer.hikari.pool.HikariPool        : HikariPool-1 - Thread starvation or clock leap detected (housekeeper delta=35m31s574ms).
2020-12-09 04:19:22.007  WARN 25872 --- [HikariPool-1 housekeeper] com.zaxxer.hikari.pool.HikariPool        : HikariPool-1 - Thread starvation or clock leap detected (housekeeper delta=2h9s807ms).
2020-12-09 04:33:08.694  WARN 25872 --- [HikariPool-1 housekeeper] com.zaxxer.hikari.pool.HikariPool        : HikariPool-1 - Thread starvation or clock leap detected (housekeeper delta=13m16s685ms).
2020-12-09 06:34:35.892  WARN 25872 --- [HikariPool-1 housekeeper] com.zaxxer.hikari.pool.HikariPool        : HikariPool-1 - Thread starvation or clock leap detected (housekeeper delta=2h27s170ms).
2020-12-09 07:49:10.838  WARN 25872 --- [HikariPool-1 housekeeper] com.zaxxer.hikari.pool.HikariPool        : HikariPool-1 - Thread starvation or clock leap detected (housekeeper delta=1h13m34s421ms).
2020-12-09 08:41:35.446  WARN 25872 --- [HikariPool-1 housekeeper] com.zaxxer.hikari.pool.HikariPool        : HikariPool-1 - Thread starvation or clock leap detected (housekeeper delta=31m54s377ms).
2020-12-09 08:47:58.577  WARN 25872 --- [HikariPool-1 housekeeper] com.zaxxer.hikari.pool.HikariPool        : HikariPool-1 - Thread starvation or clock leap detected (housekeeper delta=5m22s570ms).
2020-12-09 13:37:35.473  INFO 25872 --- [SpringContextShutdownHook] o.s.s.concurrent.ThreadPoolTaskExecutor  : Shutting down ExecutorService 'taskExecutor'
2020-12-09 13:37:35.488  INFO 25872 --- [SpringContextShutdownHook] j.LocalContainerEntityManagerFactoryBean : Closing JPA EntityManagerFactory for persistence unit 'default'
2020-12-09 13:37:35.610  INFO 25872 --- [SpringContextShutdownHook] com.zaxxer.hikari.HikariDataSource       : HikariPool-1 - Shutdown initiated...
2020-12-09 13:37:35.627  INFO 25872 --- [SpringContextShutdownHook] com.zaxxer.hikari.HikariDataSource       : HikariPool-1 - Shutdown completed.
2020-12-09 13:37:45.377  INFO 59615 --- [restartedMain] c.C.P.C.CsvProcessingApplication         : Starting CsvProcessingApplication using Java 12.0.1 on HARIBAHL-M-T3U1 with PID 59615 (/Users/harish.kumar/Documents/Harish/Java_Applications/codingproblems/csv_processing/CSVProcessing/target/classes started by harish.kumar in /Users/harish.kumar/Documents/Harish/Java_Applications/codingproblems/csv_processing/CSVProcessing)
2020-12-09 13:37:45.383  INFO 59615 --- [restartedMain] c.C.P.C.CsvProcessingApplication         : No active profile set, falling back to default profiles: default
2020-12-09 13:37:45.486  INFO 59615 --- [restartedMain] .e.DevToolsPropertyDefaultsPostProcessor : Devtools property defaults active! Set 'spring.devtools.add-properties' to 'false' to disable
2020-12-09 13:37:45.486  INFO 59615 --- [restartedMain] .e.DevToolsPropertyDefaultsPostProcessor : For additional web related logging consider setting the 'logging.level.web' property to 'DEBUG'
2020-12-09 13:37:46.648  INFO 59615 --- [restartedMain] .s.d.r.c.RepositoryConfigurationDelegate : Bootstrapping Spring Data JPA repositories in DEFERRED mode.
2020-12-09 13:37:46.742  INFO 59615 --- [restartedMain] .s.d.r.c.RepositoryConfigurationDelegate : Finished Spring Data repository scanning in 79 ms. Found 1 JPA repository interfaces.
2020-12-09 13:37:47.718  INFO 59615 --- [restartedMain] o.s.b.w.embedded.tomcat.TomcatWebServer  : Tomcat initialized with port(s): 8080 (http)
2020-12-09 13:37:47.735  INFO 59615 --- [restartedMain] o.apache.catalina.core.StandardService   : Starting service [Tomcat]
2020-12-09 13:37:47.736  INFO 59615 --- [restartedMain] org.apache.catalina.core.StandardEngine  : Starting Servlet engine: [Apache Tomcat/9.0.39]
2020-12-09 13:37:47.844  INFO 59615 --- [restartedMain] o.a.c.c.C.[Tomcat].[localhost].[/]       : Initializing Spring embedded WebApplicationContext
2020-12-09 13:37:47.844  INFO 59615 --- [restartedMain] w.s.c.ServletWebServerApplicationContext : Root WebApplicationContext: initialization completed in 2357 ms
2020-12-09 13:37:48.118  INFO 59615 --- [restartedMain] o.hibernate.jpa.internal.util.LogHelper  : HHH000204: Processing PersistenceUnitInfo [name: default]
2020-12-09 13:37:48.197  INFO 59615 --- [restartedMain] org.hibernate.Version                    : HHH000412: Hibernate ORM core version 5.4.23.Final
2020-12-09 13:37:48.419  INFO 59615 --- [restartedMain] o.hibernate.annotations.common.Version   : HCANN000001: Hibernate Commons Annotations {5.1.2.Final}
2020-12-09 13:37:48.581  INFO 59615 --- [restartedMain] com.zaxxer.hikari.HikariDataSource       : HikariPool-1 - Starting...
2020-12-09 13:37:49.227  INFO 59615 --- [restartedMain] com.zaxxer.hikari.HikariDataSource       : HikariPool-1 - Start completed.
2020-12-09 13:37:49.255  INFO 59615 --- [restartedMain] org.hibernate.dialect.Dialect            : HHH000400: Using dialect: org.hibernate.dialect.MySQL5InnoDBDialect
2020-12-09 13:37:53.103  INFO 59615 --- [restartedMain] o.h.e.t.j.p.i.JtaPlatformInitiator       : HHH000490: Using JtaPlatform implementation: [org.hibernate.engine.transaction.jta.platform.internal.NoJtaPlatform]
2020-12-09 13:37:53.121  INFO 59615 --- [restartedMain] j.LocalContainerEntityManagerFactoryBean : Initialized JPA EntityManagerFactory for persistence unit 'default'
2020-12-09 13:37:53.152  INFO 59615 --- [restartedMain] o.s.b.d.a.OptionalLiveReloadServer       : LiveReload server is running on port 35729
2020-12-09 13:37:53.237  INFO 59615 --- [restartedMain] c.C.P.C.future.AsyncConfiguration        : Creating Async Task Executor
2020-12-09 13:37:53.240  INFO 59615 --- [restartedMain] o.s.s.concurrent.ThreadPoolTaskExecutor  : Initializing ExecutorService
2020-12-09 13:37:53.241  INFO 59615 --- [restartedMain] o.s.s.concurrent.ThreadPoolTaskExecutor  : Initializing ExecutorService 'taskExecutor'
2020-12-09 13:37:53.289  WARN 59615 --- [restartedMain] JpaBaseConfiguration$JpaWebConfiguration : spring.jpa.open-in-view is enabled by default. Therefore, database queries may be performed during view rendering. Explicitly configure spring.jpa.open-in-view to disable this warning
2020-12-09 13:37:53.669  INFO 59615 --- [restartedMain] o.s.b.a.w.s.WelcomePageHandlerMapping    : Adding welcome page: class path resource [static/index.html]
2020-12-09 13:37:53.765  WARN 59615 --- [restartedMain] ion$DefaultTemplateResolverConfiguration : Cannot find template location: classpath:/templates/ (please add some templates or check your Thymeleaf configuration)
2020-12-09 13:37:53.930  INFO 59615 --- [restartedMain] o.s.b.w.embedded.tomcat.TomcatWebServer  : Tomcat started on port(s): 8080 (http) with context path ''
2020-12-09 13:37:53.931  INFO 59615 --- [restartedMain] DeferredRepositoryInitializationListener : Triggering deferred initialization of Spring Data repositories…
2020-12-09 13:37:54.291  INFO 59615 --- [restartedMain] DeferredRepositoryInitializationListener : Spring Data repositories initialized!
2020-12-09 13:37:54.300  INFO 59615 --- [restartedMain] c.C.P.C.CsvProcessingApplication         : Started CsvProcessingApplication in 9.642 seconds (JVM running for 10.711)
2020-12-09 13:38:01.891  INFO 59615 --- [http-nio-8080-exec-1] o.a.c.c.C.[Tomcat].[localhost].[/]       : Initializing Spring DispatcherServlet 'dispatcherServlet'
2020-12-09 13:38:01.897  INFO 59615 --- [http-nio-8080-exec-1] o.s.web.servlet.DispatcherServlet        : Initializing Servlet 'dispatcherServlet'
2020-12-09 13:38:01.911  INFO 59615 --- [http-nio-8080-exec-1] o.s.web.servlet.DispatcherServlet        : Completed initialization in 14 ms
2020-12-09 13:38:16.259  INFO 59615 --- [http-nio-8080-exec-6] c.C.P.CSVProcessing.service.CsvService   : Saving a list of cars of size 7351file name isSYB63_1_202009_Population, Surface Area and Density copy 4.csv records
2020-12-09 13:38:16.259  INFO 59615 --- [http-nio-8080-exec-8] c.C.P.CSVProcessing.service.CsvService   : Saving a list of cars of size 7351file name isSYB63_1_202009_Population, Surface Area and Density copy 6.csv records
2020-12-09 13:38:16.259  INFO 59615 --- [http-nio-8080-exec-4] c.C.P.CSVProcessing.service.CsvService   : Saving a list of cars of size 7351file name isSYB63_1_202009_Population, Surface Area and Density copy 2.csv records
2020-12-09 13:38:16.259  INFO 59615 --- [http-nio-8080-exec-5] c.C.P.CSVProcessing.service.CsvService   : Saving a list of cars of size 7351file name isSYB63_1_202009_Population, Surface Area and Density copy 3.csv records
2020-12-09 13:38:16.261  INFO 59615 --- [http-nio-8080-exec-7] c.C.P.CSVProcessing.service.CsvService   : Saving a list of cars of size 7351file name isSYB63_1_202009_Population, Surface Area and Density copy 5.csv records
2020-12-09 13:38:16.275  INFO 59615 --- [http-nio-8080-exec-9] c.C.P.CSVProcessing.service.CsvService   : Saving a list of cars of size 7351file name isSYB63_1_202009_Population, Surface Area and Density copy 7.csv records
2020-12-09 13:38:21.254  INFO 59615 --- [http-nio-8080-exec-7] c.C.P.CSVProcessing.service.CsvService   : Elapsed time: 5377
2020-12-09 13:38:21.255  INFO 59615 --- [http-nio-8080-exec-7] c.C.P.C.controllers.MyCsvController      : Uploaded the file successfullySYB63_1_202009_Population, Surface Area and Density copy 5.csv
2020-12-09 13:38:21.269  INFO 59615 --- [http-nio-8080-exec-5] c.C.P.CSVProcessing.service.CsvService   : Elapsed time: 5392
2020-12-09 13:38:21.269  INFO 59615 --- [http-nio-8080-exec-5] c.C.P.C.controllers.MyCsvController      : Uploaded the file successfullySYB63_1_202009_Population, Surface Area and Density copy 3.csv
2020-12-09 13:38:21.309  INFO 59615 --- [http-nio-8080-exec-4] c.C.P.CSVProcessing.service.CsvService   : Elapsed time: 5432
2020-12-09 13:38:21.309  INFO 59615 --- [http-nio-8080-exec-4] c.C.P.C.controllers.MyCsvController      : Uploaded the file successfullySYB63_1_202009_Population, Surface Area and Density copy 2.csv
2020-12-09 13:38:21.333  INFO 59615 --- [http-nio-8080-exec-8] c.C.P.CSVProcessing.service.CsvService   : Elapsed time: 5456
2020-12-09 13:38:21.333  INFO 59615 --- [http-nio-8080-exec-8] c.C.P.C.controllers.MyCsvController      : Uploaded the file successfullySYB63_1_202009_Population, Surface Area and Density copy 6.csv
2020-12-09 13:38:21.338  INFO 59615 --- [http-nio-8080-exec-9] c.C.P.CSVProcessing.service.CsvService   : Elapsed time: 5461
2020-12-09 13:38:21.338  INFO 59615 --- [http-nio-8080-exec-9] c.C.P.C.controllers.MyCsvController      : Uploaded the file successfullySYB63_1_202009_Population, Surface Area and Density copy 7.csv
2020-12-09 13:38:21.343  INFO 59615 --- [http-nio-8080-exec-6] c.C.P.CSVProcessing.service.CsvService   : Elapsed time: 5466
2020-12-09 13:38:21.343  INFO 59615 --- [http-nio-8080-exec-6] c.C.P.C.controllers.MyCsvController      : Uploaded the file successfullySYB63_1_202009_Population, Surface Area and Density copy 4.csv
2020-12-09 13:38:21.562  INFO 59615 --- [http-nio-8080-exec-10] c.C.P.CSVProcessing.service.CsvService   : Saving a list of cars of size 7351file name isSYB63_1_202009_Population, Surface Area and Density.csv records
2020-12-09 13:38:21.619  INFO 59615 --- [http-nio-8080-exec-5] c.C.P.CSVProcessing.service.CsvService   : Saving a list of cars of size 7351file name isSYB63_1_202009_Population, Surface Area and Density copy.csv records
2020-12-09 13:38:24.150  INFO 59615 --- [http-nio-8080-exec-10] c.C.P.CSVProcessing.service.CsvService   : Elapsed time: 2684
2020-12-09 13:38:24.150  INFO 59615 --- [http-nio-8080-exec-10] c.C.P.C.controllers.MyCsvController      : Uploaded the file successfullySYB63_1_202009_Population, Surface Area and Density.csv
2020-12-09 13:38:24.183  INFO 59615 --- [http-nio-8080-exec-5] c.C.P.CSVProcessing.service.CsvService   : Elapsed time: 2684
2020-12-09 13:38:24.183  INFO 59615 --- [http-nio-8080-exec-5] c.C.P.C.controllers.MyCsvController      : Uploaded the file successfullySYB63_1_202009_Population, Surface Area and Density copy.csv
2020-12-09 14:02:51.359  INFO 59615 --- [http-nio-8080-exec-4] c.C.P.CSVProcessing.service.CsvService   : Saving a list of cars of size 7351file name isSYB63_1_202009_Population, Surface Area and Density.csv records
2020-12-09 14:02:53.239  INFO 59615 --- [http-nio-8080-exec-4] c.C.P.CSVProcessing.service.CsvService   : Elapsed time: 1916
2020-12-09 14:02:53.239  INFO 59615 --- [http-nio-8080-exec-4] c.C.P.C.controllers.MyCsvController      : Uploaded the file successfullySYB63_1_202009_Population, Surface Area and Density.csv
2020-12-09 14:07:18.262  INFO 59615 --- [SpringContextShutdownHook] o.s.s.concurrent.ThreadPoolTaskExecutor  : Shutting down ExecutorService 'taskExecutor'
2020-12-09 14:07:18.262  INFO 59615 --- [SpringContextShutdownHook] j.LocalContainerEntityManagerFactoryBean : Closing JPA EntityManagerFactory for persistence unit 'default'
2020-12-09 14:07:18.275  INFO 59615 --- [SpringContextShutdownHook] com.zaxxer.hikari.HikariDataSource       : HikariPool-1 - Shutdown initiated...
2020-12-09 14:07:18.280  INFO 59615 --- [SpringContextShutdownHook] com.zaxxer.hikari.HikariDataSource       : HikariPool-1 - Shutdown completed.
2020-12-09 14:07:30.011  INFO 95360 --- [restartedMain] c.C.P.C.CsvProcessingApplication         : Starting CsvProcessingApplication using Java 12.0.1 on HARIBAHL-M-T3U1 with PID 95360 (/Users/harish.kumar/Documents/Harish/Java_Applications/codingproblems/csv_processing/CSVProcessing/target/classes started by harish.kumar in /Users/harish.kumar/Documents/Harish/Java_Applications/codingproblems/csv_processing/CSVProcessing)
2020-12-09 14:07:30.017  INFO 95360 --- [restartedMain] c.C.P.C.CsvProcessingApplication         : No active profile set, falling back to default profiles: default
2020-12-09 14:07:30.097  INFO 95360 --- [restartedMain] .e.DevToolsPropertyDefaultsPostProcessor : Devtools property defaults active! Set 'spring.devtools.add-properties' to 'false' to disable
2020-12-09 14:07:30.097  INFO 95360 --- [restartedMain] .e.DevToolsPropertyDefaultsPostProcessor : For additional web related logging consider setting the 'logging.level.web' property to 'DEBUG'
2020-12-09 14:07:30.929  INFO 95360 --- [restartedMain] .s.d.r.c.RepositoryConfigurationDelegate : Bootstrapping Spring Data JPA repositories in DEFERRED mode.
2020-12-09 14:07:30.992  INFO 95360 --- [restartedMain] .s.d.r.c.RepositoryConfigurationDelegate : Finished Spring Data repository scanning in 50 ms. Found 1 JPA repository interfaces.
2020-12-09 14:07:31.680  INFO 95360 --- [restartedMain] o.s.b.w.embedded.tomcat.TomcatWebServer  : Tomcat initialized with port(s): 8080 (http)
2020-12-09 14:07:31.692  INFO 95360 --- [restartedMain] o.apache.catalina.core.StandardService   : Starting service [Tomcat]
2020-12-09 14:07:31.692  INFO 95360 --- [restartedMain] org.apache.catalina.core.StandardEngine  : Starting Servlet engine: [Apache Tomcat/9.0.39]
2020-12-09 14:07:31.783  INFO 95360 --- [restartedMain] o.a.c.c.C.[Tomcat].[localhost].[/]       : Initializing Spring embedded WebApplicationContext
2020-12-09 14:07:31.784  INFO 95360 --- [restartedMain] w.s.c.ServletWebServerApplicationContext : Root WebApplicationContext: initialization completed in 1685 ms
2020-12-09 14:07:32.029  INFO 95360 --- [restartedMain] o.hibernate.jpa.internal.util.LogHelper  : HHH000204: Processing PersistenceUnitInfo [name: default]
2020-12-09 14:07:32.094  INFO 95360 --- [restartedMain] org.hibernate.Version                    : HHH000412: Hibernate ORM core version 5.4.23.Final
2020-12-09 14:07:32.270  INFO 95360 --- [restartedMain] o.hibernate.annotations.common.Version   : HCANN000001: Hibernate Commons Annotations {5.1.2.Final}
2020-12-09 14:07:32.381  INFO 95360 --- [restartedMain] com.zaxxer.hikari.HikariDataSource       : HikariPool-1 - Starting...
2020-12-09 14:07:32.696  INFO 95360 --- [restartedMain] com.zaxxer.hikari.HikariDataSource       : HikariPool-1 - Start completed.
2020-12-09 14:07:32.718  INFO 95360 --- [restartedMain] org.hibernate.dialect.Dialect            : HHH000400: Using dialect: org.hibernate.dialect.MySQL5InnoDBDialect
2020-12-09 14:07:34.623  INFO 95360 --- [restartedMain] o.h.e.t.j.p.i.JtaPlatformInitiator       : HHH000490: Using JtaPlatform implementation: [org.hibernate.engine.transaction.jta.platform.internal.NoJtaPlatform]
2020-12-09 14:07:34.636  INFO 95360 --- [restartedMain] j.LocalContainerEntityManagerFactoryBean : Initialized JPA EntityManagerFactory for persistence unit 'default'
2020-12-09 14:07:34.696  INFO 95360 --- [restartedMain] o.s.b.d.a.OptionalLiveReloadServer       : LiveReload server is running on port 35729
2020-12-09 14:07:34.763  INFO 95360 --- [restartedMain] c.C.P.C.future.AsyncConfiguration        : Creating Async Task Executor
2020-12-09 14:07:34.764  INFO 95360 --- [restartedMain] o.s.s.concurrent.ThreadPoolTaskExecutor  : Initializing ExecutorService
2020-12-09 14:07:34.766  INFO 95360 --- [restartedMain] o.s.s.concurrent.ThreadPoolTaskExecutor  : Initializing ExecutorService 'taskExecutor'
2020-12-09 14:07:34.812  WARN 95360 --- [restartedMain] JpaBaseConfiguration$JpaWebConfiguration : spring.jpa.open-in-view is enabled by default. Therefore, database queries may be performed during view rendering. Explicitly configure spring.jpa.open-in-view to disable this warning
2020-12-09 14:07:35.172  INFO 95360 --- [restartedMain] o.s.b.a.w.s.WelcomePageHandlerMapping    : Adding welcome page: class path resource [static/index.html]
2020-12-09 14:07:35.312  WARN 95360 --- [restartedMain] ion$DefaultTemplateResolverConfiguration : Cannot find template location: classpath:/templates/ (please add some templates or check your Thymeleaf configuration)
2020-12-09 14:07:35.470  INFO 95360 --- [restartedMain] o.s.b.w.embedded.tomcat.TomcatWebServer  : Tomcat started on port(s): 8080 (http) with context path ''
2020-12-09 14:07:35.471  INFO 95360 --- [restartedMain] DeferredRepositoryInitializationListener : Triggering deferred initialization of Spring Data repositories…
2020-12-09 14:07:35.744  INFO 95360 --- [restartedMain] DeferredRepositoryInitializationListener : Spring Data repositories initialized!
2020-12-09 14:07:35.755  INFO 95360 --- [restartedMain] c.C.P.C.CsvProcessingApplication         : Started CsvProcessingApplication in 6.288 seconds (JVM running for 6.849)
2020-12-09 14:08:02.743  INFO 95360 --- [http-nio-8080-exec-1] o.a.c.c.C.[Tomcat].[localhost].[/]       : Initializing Spring DispatcherServlet 'dispatcherServlet'
2020-12-09 14:08:02.744  INFO 95360 --- [http-nio-8080-exec-1] o.s.web.servlet.DispatcherServlet        : Initializing Servlet 'dispatcherServlet'
2020-12-09 14:08:02.745  INFO 95360 --- [http-nio-8080-exec-1] o.s.web.servlet.DispatcherServlet        : Completed initialization in 1 ms
2020-12-09 14:08:03.346  INFO 95360 --- [http-nio-8080-exec-3] c.C.P.C.controllers.MyCsvController      : Uploaded the file successfullySYB63_1_202009_Population, Surface Area and Density copy 7.csv
2020-12-09 14:08:03.346  INFO 95360 --- [http-nio-8080-exec-6] c.C.P.C.controllers.MyCsvController      : Uploaded the file successfullySYB63_1_202009_Population, Surface Area and Density copy 2.csv
2020-12-09 14:08:03.346  INFO 95360 --- [http-nio-8080-exec-4] c.C.P.C.controllers.MyCsvController      : Uploaded the file successfullySYB63_1_202009_Population, Surface Area and Density copy 6.csv
2020-12-09 14:08:03.346  INFO 95360 --- [http-nio-8080-exec-2] c.C.P.C.controllers.MyCsvController      : Uploaded the file successfullySYB63_1_202009_Population, Surface Area and Density copy 5.csv
2020-12-09 14:08:03.346  INFO 95360 --- [http-nio-8080-exec-1] c.C.P.C.controllers.MyCsvController      : Uploaded the file successfullySYB63_1_202009_Population, Surface Area and Density copy 3.csv
2020-12-09 14:08:03.346  INFO 95360 --- [http-nio-8080-exec-5] c.C.P.C.controllers.MyCsvController      : Uploaded the file successfullySYB63_1_202009_Population, Surface Area and Density copy 4.csv
2020-12-09 14:08:03.456  INFO 95360 --- [CityThread-2] c.C.P.CSVProcessing.service.CsvService   : Saving a list of cars of size 7351file name isSYB63_1_202009_Population, Surface Area and Density copy 6.csv records
2020-12-09 14:08:03.456  INFO 95360 --- [CityThread-1] c.C.P.CSVProcessing.service.CsvService   : Saving a list of cars of size 7351file name isSYB63_1_202009_Population, Surface Area and Density copy 3.csv records
2020-12-09 14:08:03.507  INFO 95360 --- [http-nio-8080-exec-7] c.C.P.C.controllers.MyCsvController      : Uploaded the file successfullySYB63_1_202009_Population, Surface Area and Density copy.csv
2020-12-09 14:08:03.515  INFO 95360 --- [http-nio-8080-exec-3] c.C.P.C.controllers.MyCsvController      : Uploaded the file successfullySYB63_1_202009_Population, Surface Area and Density.csv
2020-12-09 14:08:06.025  INFO 95360 --- [CityThread-1] c.C.P.CSVProcessing.service.CsvService   : Elapsed time: 2673
2020-12-09 14:08:06.025  INFO 95360 --- [CityThread-2] c.C.P.CSVProcessing.service.CsvService   : Elapsed time: 2673
2020-12-09 14:08:06.031 ERROR 95360 --- [CityThread-2] c.C.P.CSVProcessing.service.CsvService   : Failed to parse CSV file {}SYB63_1_202009_Population, Surface Area and Density copy 4.csv

java.io.FileNotFoundException: /private/var/folders/jf/6mq2wwcx22d7kvwrc9t2t4380000gn/T/tomcat.8080.2204489577964664876/work/Tomcat/localhost/ROOT/upload_2b1aea63_4ea2_45f9_bacf_636762c94f88_00000004.tmp (No such file or directory)
	at java.base/java.io.FileInputStream.open0(Native Method) ~[na:na]
	at java.base/java.io.FileInputStream.open(FileInputStream.java:213) ~[na:na]
	at java.base/java.io.FileInputStream.<init>(FileInputStream.java:155) ~[na:na]
	at org.apache.tomcat.util.http.fileupload.disk.DiskFileItem.getInputStream(DiskFileItem.java:194) ~[tomcat-embed-core-9.0.39.jar:9.0.39]
	at org.apache.catalina.core.ApplicationPart.getInputStream(ApplicationPart.java:100) ~[tomcat-embed-core-9.0.39.jar:9.0.39]
	at org.springframework.web.multipart.support.StandardMultipartHttpServletRequest$StandardMultipartFile.getInputStream(StandardMultipartHttpServletRequest.java:251) ~[spring-web-5.3.1.jar:5.3.1]
	at com.CSV.Processing.CSVProcessing.service.CsvService.save(CsvService.java:55) ~[classes/:na]
	at com.CSV.Processing.CSVProcessing.service.CsvService$$FastClassBySpringCGLIB$$31004623.invoke(<generated>) ~[classes/:na]
	at org.springframework.cglib.proxy.MethodProxy.invoke(MethodProxy.java:218) ~[spring-core-5.3.1.jar:5.3.1]
	at org.springframework.aop.framework.CglibAopProxy$CglibMethodInvocation.invokeJoinpoint(CglibAopProxy.java:771) ~[spring-aop-5.3.1.jar:5.3.1]
	at org.springframework.aop.framework.ReflectiveMethodInvocation.proceed(ReflectiveMethodInvocation.java:163) ~[spring-aop-5.3.1.jar:5.3.1]
	at org.springframework.aop.framework.CglibAopProxy$CglibMethodInvocation.proceed(CglibAopProxy.java:749) ~[spring-aop-5.3.1.jar:5.3.1]
	at org.springframework.aop.interceptor.AsyncExecutionInterceptor.lambda$invoke$0(AsyncExecutionInterceptor.java:115) ~[spring-aop-5.3.1.jar:5.3.1]
	at org.springframework.aop.interceptor.AsyncExecutionAspectSupport.lambda$doSubmit$3(AsyncExecutionAspectSupport.java:276) ~[spring-aop-5.3.1.jar:5.3.1]
	at java.base/java.util.concurrent.CompletableFuture$AsyncSupply.run(CompletableFuture.java:1771) ~[na:na]
	at java.base/java.util.concurrent.ThreadPoolExecutor.runWorker(ThreadPoolExecutor.java:1128) ~[na:na]
	at java.base/java.util.concurrent.ThreadPoolExecutor$Worker.run(ThreadPoolExecutor.java:628) ~[na:na]
	at java.base/java.lang.Thread.run(Thread.java:835) ~[na:na]

2020-12-09 14:08:06.031 ERROR 95360 --- [CityThread-1] c.C.P.CSVProcessing.service.CsvService   : Failed to parse CSV file {}SYB63_1_202009_Population, Surface Area and Density copy 2.csv

java.io.FileNotFoundException: /private/var/folders/jf/6mq2wwcx22d7kvwrc9t2t4380000gn/T/tomcat.8080.2204489577964664876/work/Tomcat/localhost/ROOT/upload_2b1aea63_4ea2_45f9_bacf_636762c94f88_00000005.tmp (No such file or directory)
	at java.base/java.io.FileInputStream.open0(Native Method) ~[na:na]
	at java.base/java.io.FileInputStream.open(FileInputStream.java:213) ~[na:na]
	at java.base/java.io.FileInputStream.<init>(FileInputStream.java:155) ~[na:na]
	at org.apache.tomcat.util.http.fileupload.disk.DiskFileItem.getInputStream(DiskFileItem.java:194) ~[tomcat-embed-core-9.0.39.jar:9.0.39]
	at org.apache.catalina.core.ApplicationPart.getInputStream(ApplicationPart.java:100) ~[tomcat-embed-core-9.0.39.jar:9.0.39]
	at org.springframework.web.multipart.support.StandardMultipartHttpServletRequest$StandardMultipartFile.getInputStream(StandardMultipartHttpServletRequest.java:251) ~[spring-web-5.3.1.jar:5.3.1]
	at com.CSV.Processing.CSVProcessing.service.CsvService.save(CsvService.java:55) ~[classes/:na]
	at com.CSV.Processing.CSVProcessing.service.CsvService$$FastClassBySpringCGLIB$$31004623.invoke(<generated>) ~[classes/:na]
	at org.springframework.cglib.proxy.MethodProxy.invoke(MethodProxy.java:218) ~[spring-core-5.3.1.jar:5.3.1]
	at org.springframework.aop.framework.CglibAopProxy$CglibMethodInvocation.invokeJoinpoint(CglibAopProxy.java:771) ~[spring-aop-5.3.1.jar:5.3.1]
	at org.springframework.aop.framework.ReflectiveMethodInvocation.proceed(ReflectiveMethodInvocation.java:163) ~[spring-aop-5.3.1.jar:5.3.1]
	at org.springframework.aop.framework.CglibAopProxy$CglibMethodInvocation.proceed(CglibAopProxy.java:749) ~[spring-aop-5.3.1.jar:5.3.1]
	at org.springframework.aop.interceptor.AsyncExecutionInterceptor.lambda$invoke$0(AsyncExecutionInterceptor.java:115) ~[spring-aop-5.3.1.jar:5.3.1]
	at org.springframework.aop.interceptor.AsyncExecutionAspectSupport.lambda$doSubmit$3(AsyncExecutionAspectSupport.java:276) ~[spring-aop-5.3.1.jar:5.3.1]
	at java.base/java.util.concurrent.CompletableFuture$AsyncSupply.run(CompletableFuture.java:1771) ~[na:na]
	at java.base/java.util.concurrent.ThreadPoolExecutor.runWorker(ThreadPoolExecutor.java:1128) ~[na:na]
	at java.base/java.util.concurrent.ThreadPoolExecutor$Worker.run(ThreadPoolExecutor.java:628) ~[na:na]
	at java.base/java.lang.Thread.run(Thread.java:835) ~[na:na]

2020-12-09 14:08:06.033 ERROR 95360 --- [CityThread-1] c.C.P.CSVProcessing.service.CsvService   : Failed to parse CSV file {}SYB63_1_202009_Population, Surface Area and Density copy 7.csv

java.io.FileNotFoundException: /private/var/folders/jf/6mq2wwcx22d7kvwrc9t2t4380000gn/T/tomcat.8080.2204489577964664876/work/Tomcat/localhost/ROOT/upload_2b1aea63_4ea2_45f9_bacf_636762c94f88_00000001.tmp (No such file or directory)
	at java.base/java.io.FileInputStream.open0(Native Method) ~[na:na]
	at java.base/java.io.FileInputStream.open(FileInputStream.java:213) ~[na:na]
	at java.base/java.io.FileInputStream.<init>(FileInputStream.java:155) ~[na:na]
	at org.apache.tomcat.util.http.fileupload.disk.DiskFileItem.getInputStream(DiskFileItem.java:194) ~[tomcat-embed-core-9.0.39.jar:9.0.39]
	at org.apache.catalina.core.ApplicationPart.getInputStream(ApplicationPart.java:100) ~[tomcat-embed-core-9.0.39.jar:9.0.39]
	at org.springframework.web.multipart.support.StandardMultipartHttpServletRequest$StandardMultipartFile.getInputStream(StandardMultipartHttpServletRequest.java:251) ~[spring-web-5.3.1.jar:5.3.1]
	at com.CSV.Processing.CSVProcessing.service.CsvService.save(CsvService.java:55) ~[classes/:na]
	at com.CSV.Processing.CSVProcessing.service.CsvService$$FastClassBySpringCGLIB$$31004623.invoke(<generated>) ~[classes/:na]
	at org.springframework.cglib.proxy.MethodProxy.invoke(MethodProxy.java:218) ~[spring-core-5.3.1.jar:5.3.1]
	at org.springframework.aop.framework.CglibAopProxy$CglibMethodInvocation.invokeJoinpoint(CglibAopProxy.java:771) ~[spring-aop-5.3.1.jar:5.3.1]
	at org.springframework.aop.framework.ReflectiveMethodInvocation.proceed(ReflectiveMethodInvocation.java:163) ~[spring-aop-5.3.1.jar:5.3.1]
	at org.springframework.aop.framework.CglibAopProxy$CglibMethodInvocation.proceed(CglibAopProxy.java:749) ~[spring-aop-5.3.1.jar:5.3.1]
	at org.springframework.aop.interceptor.AsyncExecutionInterceptor.lambda$invoke$0(AsyncExecutionInterceptor.java:115) ~[spring-aop-5.3.1.jar:5.3.1]
	at org.springframework.aop.interceptor.AsyncExecutionAspectSupport.lambda$doSubmit$3(AsyncExecutionAspectSupport.java:276) ~[spring-aop-5.3.1.jar:5.3.1]
	at java.base/java.util.concurrent.CompletableFuture$AsyncSupply.run(CompletableFuture.java:1771) ~[na:na]
	at java.base/java.util.concurrent.ThreadPoolExecutor.runWorker(ThreadPoolExecutor.java:1128) ~[na:na]
	at java.base/java.util.concurrent.ThreadPoolExecutor$Worker.run(ThreadPoolExecutor.java:628) ~[na:na]
	at java.base/java.lang.Thread.run(Thread.java:835) ~[na:na]

2020-12-09 14:08:06.032 ERROR 95360 --- [CityThread-2] c.C.P.CSVProcessing.service.CsvService   : Failed to parse CSV file {}SYB63_1_202009_Population, Surface Area and Density copy 5.csv

java.io.FileNotFoundException: /private/var/folders/jf/6mq2wwcx22d7kvwrc9t2t4380000gn/T/tomcat.8080.2204489577964664876/work/Tomcat/localhost/ROOT/upload_2b1aea63_4ea2_45f9_bacf_636762c94f88_00000002.tmp (No such file or directory)
	at java.base/java.io.FileInputStream.open0(Native Method) ~[na:na]
	at java.base/java.io.FileInputStream.open(FileInputStream.java:213) ~[na:na]
	at java.base/java.io.FileInputStream.<init>(FileInputStream.java:155) ~[na:na]
	at org.apache.tomcat.util.http.fileupload.disk.DiskFileItem.getInputStream(DiskFileItem.java:194) ~[tomcat-embed-core-9.0.39.jar:9.0.39]
	at org.apache.catalina.core.ApplicationPart.getInputStream(ApplicationPart.java:100) ~[tomcat-embed-core-9.0.39.jar:9.0.39]
	at org.springframework.web.multipart.support.StandardMultipartHttpServletRequest$StandardMultipartFile.getInputStream(StandardMultipartHttpServletRequest.java:251) ~[spring-web-5.3.1.jar:5.3.1]
	at com.CSV.Processing.CSVProcessing.service.CsvService.save(CsvService.java:55) ~[classes/:na]
	at com.CSV.Processing.CSVProcessing.service.CsvService$$FastClassBySpringCGLIB$$31004623.invoke(<generated>) ~[classes/:na]
	at org.springframework.cglib.proxy.MethodProxy.invoke(MethodProxy.java:218) ~[spring-core-5.3.1.jar:5.3.1]
	at org.springframework.aop.framework.CglibAopProxy$CglibMethodInvocation.invokeJoinpoint(CglibAopProxy.java:771) ~[spring-aop-5.3.1.jar:5.3.1]
	at org.springframework.aop.framework.ReflectiveMethodInvocation.proceed(ReflectiveMethodInvocation.java:163) ~[spring-aop-5.3.1.jar:5.3.1]
	at org.springframework.aop.framework.CglibAopProxy$CglibMethodInvocation.proceed(CglibAopProxy.java:749) ~[spring-aop-5.3.1.jar:5.3.1]
	at org.springframework.aop.interceptor.AsyncExecutionInterceptor.lambda$invoke$0(AsyncExecutionInterceptor.java:115) ~[spring-aop-5.3.1.jar:5.3.1]
	at org.springframework.aop.interceptor.AsyncExecutionAspectSupport.lambda$doSubmit$3(AsyncExecutionAspectSupport.java:276) ~[spring-aop-5.3.1.jar:5.3.1]
	at java.base/java.util.concurrent.CompletableFuture$AsyncSupply.run(CompletableFuture.java:1771) ~[na:na]
	at java.base/java.util.concurrent.ThreadPoolExecutor.runWorker(ThreadPoolExecutor.java:1128) ~[na:na]
	at java.base/java.util.concurrent.ThreadPoolExecutor$Worker.run(ThreadPoolExecutor.java:628) ~[na:na]
	at java.base/java.lang.Thread.run(Thread.java:835) ~[na:na]

2020-12-09 14:08:06.033 ERROR 95360 --- [CityThread-1] c.C.P.CSVProcessing.service.CsvService   : Failed to parse CSV file {}SYB63_1_202009_Population, Surface Area and Density copy.csv

java.io.FileNotFoundException: /private/var/folders/jf/6mq2wwcx22d7kvwrc9t2t4380000gn/T/tomcat.8080.2204489577964664876/work/Tomcat/localhost/ROOT/upload_2b1aea63_4ea2_45f9_bacf_636762c94f88_00000006.tmp (No such file or directory)
	at java.base/java.io.FileInputStream.open0(Native Method) ~[na:na]
	at java.base/java.io.FileInputStream.open(FileInputStream.java:213) ~[na:na]
	at java.base/java.io.FileInputStream.<init>(FileInputStream.java:155) ~[na:na]
	at org.apache.tomcat.util.http.fileupload.disk.DiskFileItem.getInputStream(DiskFileItem.java:194) ~[tomcat-embed-core-9.0.39.jar:9.0.39]
	at org.apache.catalina.core.ApplicationPart.getInputStream(ApplicationPart.java:100) ~[tomcat-embed-core-9.0.39.jar:9.0.39]
	at org.springframework.web.multipart.support.StandardMultipartHttpServletRequest$StandardMultipartFile.getInputStream(StandardMultipartHttpServletRequest.java:251) ~[spring-web-5.3.1.jar:5.3.1]
	at com.CSV.Processing.CSVProcessing.service.CsvService.save(CsvService.java:55) ~[classes/:na]
	at com.CSV.Processing.CSVProcessing.service.CsvService$$FastClassBySpringCGLIB$$31004623.invoke(<generated>) ~[classes/:na]
	at org.springframework.cglib.proxy.MethodProxy.invoke(MethodProxy.java:218) ~[spring-core-5.3.1.jar:5.3.1]
	at org.springframework.aop.framework.CglibAopProxy$CglibMethodInvocation.invokeJoinpoint(CglibAopProxy.java:771) ~[spring-aop-5.3.1.jar:5.3.1]
	at org.springframework.aop.framework.ReflectiveMethodInvocation.proceed(ReflectiveMethodInvocation.java:163) ~[spring-aop-5.3.1.jar:5.3.1]
	at org.springframework.aop.framework.CglibAopProxy$CglibMethodInvocation.proceed(CglibAopProxy.java:749) ~[spring-aop-5.3.1.jar:5.3.1]
	at org.springframework.aop.interceptor.AsyncExecutionInterceptor.lambda$invoke$0(AsyncExecutionInterceptor.java:115) ~[spring-aop-5.3.1.jar:5.3.1]
	at org.springframework.aop.interceptor.AsyncExecutionAspectSupport.lambda$doSubmit$3(AsyncExecutionAspectSupport.java:276) ~[spring-aop-5.3.1.jar:5.3.1]
	at java.base/java.util.concurrent.CompletableFuture$AsyncSupply.run(CompletableFuture.java:1771) ~[na:na]
	at java.base/java.util.concurrent.ThreadPoolExecutor.runWorker(ThreadPoolExecutor.java:1128) ~[na:na]
	at java.base/java.util.concurrent.ThreadPoolExecutor$Worker.run(ThreadPoolExecutor.java:628) ~[na:na]
	at java.base/java.lang.Thread.run(Thread.java:835) ~[na:na]

2020-12-09 14:08:06.033 ERROR 95360 --- [CityThread-2] c.C.P.CSVProcessing.service.CsvService   : Failed to parse CSV file {}SYB63_1_202009_Population, Surface Area and Density.csv

java.io.FileNotFoundException: /private/var/folders/jf/6mq2wwcx22d7kvwrc9t2t4380000gn/T/tomcat.8080.2204489577964664876/work/Tomcat/localhost/ROOT/upload_2b1aea63_4ea2_45f9_bacf_636762c94f88_00000007.tmp (No such file or directory)
	at java.base/java.io.FileInputStream.open0(Native Method) ~[na:na]
	at java.base/java.io.FileInputStream.open(FileInputStream.java:213) ~[na:na]
	at java.base/java.io.FileInputStream.<init>(FileInputStream.java:155) ~[na:na]
	at org.apache.tomcat.util.http.fileupload.disk.DiskFileItem.getInputStream(DiskFileItem.java:194) ~[tomcat-embed-core-9.0.39.jar:9.0.39]
	at org.apache.catalina.core.ApplicationPart.getInputStream(ApplicationPart.java:100) ~[tomcat-embed-core-9.0.39.jar:9.0.39]
	at org.springframework.web.multipart.support.StandardMultipartHttpServletRequest$StandardMultipartFile.getInputStream(StandardMultipartHttpServletRequest.java:251) ~[spring-web-5.3.1.jar:5.3.1]
	at com.CSV.Processing.CSVProcessing.service.CsvService.save(CsvService.java:55) ~[classes/:na]
	at com.CSV.Processing.CSVProcessing.service.CsvService$$FastClassBySpringCGLIB$$31004623.invoke(<generated>) ~[classes/:na]
	at org.springframework.cglib.proxy.MethodProxy.invoke(MethodProxy.java:218) ~[spring-core-5.3.1.jar:5.3.1]
	at org.springframework.aop.framework.CglibAopProxy$CglibMethodInvocation.invokeJoinpoint(CglibAopProxy.java:771) ~[spring-aop-5.3.1.jar:5.3.1]
	at org.springframework.aop.framework.ReflectiveMethodInvocation.proceed(ReflectiveMethodInvocation.java:163) ~[spring-aop-5.3.1.jar:5.3.1]
	at org.springframework.aop.framework.CglibAopProxy$CglibMethodInvocation.proceed(CglibAopProxy.java:749) ~[spring-aop-5.3.1.jar:5.3.1]
	at org.springframework.aop.interceptor.AsyncExecutionInterceptor.lambda$invoke$0(AsyncExecutionInterceptor.java:115) ~[spring-aop-5.3.1.jar:5.3.1]
	at org.springframework.aop.interceptor.AsyncExecutionAspectSupport.lambda$doSubmit$3(AsyncExecutionAspectSupport.java:276) ~[spring-aop-5.3.1.jar:5.3.1]
	at java.base/java.util.concurrent.CompletableFuture$AsyncSupply.run(CompletableFuture.java:1771) ~[na:na]
	at java.base/java.util.concurrent.ThreadPoolExecutor.runWorker(ThreadPoolExecutor.java:1128) ~[na:na]
	at java.base/java.util.concurrent.ThreadPoolExecutor$Worker.run(ThreadPoolExecutor.java:628) ~[na:na]
	at java.base/java.lang.Thread.run(Thread.java:835) ~[na:na]

